Report Physical info: 
------------------------+-------------+-----------+------------
                        |             |Area (squm)|Leakage (uW)
------------------------+-------------+-----------+------------
Design Name             |logic_hw     |           |            
  Total Instances       |           58|        109|       2.092
    Macros              |            0|          0|       0.000
    Pads                |            0|          0|       0.000
    Phys                |            0|          0|       0.000
    Blackboxes          |            0|          0|       0.000
    Cells               |           58|        109|       2.092
      Buffers           |            0|          0|       0.000
      Inverters         |            6|          3|       0.086
      Clock-Gates       |            0|          0|       0.000
      Combinational     |           38|         42|       0.898
      Latches           |            0|          0|       0.000
      FlipFlops         |           14|         63|       1.108
       Single-Bit FF    |           14|         63|       1.108
       Multi-Bit FF     |            0|          0|       0.000
       Clock-Gated      |            0|           |            
       Bits             |           14|         63|       1.108
         Load-Enabled   |            0|           |            
         Clock-Gated    |            0|           |            
  Tristate Pin Count    |            0|           |            
Physical Info           |Placed       |           |            
  Chip Size (mm x mm)   |0.073 x 0.073|       5399|            
  Fixed Cell Area       |             |          0|            
    Phys Only           |            0|          0|            
  Placeable Area        |             |        168|            
  Movable Cell Area     |             |        109|            
  Utilization (%)       |           64|           |            
  Chip Utilization (%)  |           64|           |            
  Total Wire Length (mm)|        0.776|           |            
  Longest Wire (mm)     |        0.037|           |            
  Average Wire (mm)     |        0.037|           |            
------------------------+-------------+-----------+------------
