Report End Points: 
-----+-------+------+-------+------+-----+-----+-----+-----------------------+-----------------------
     |Group  |Launch|Capture|Shift |Delay|Depth|Slack|Begin Point            |End Point              
-----+-------+------+-------+------+-----+-----+-----+-----------------------+-----------------------
1    |default|clk   |clk    |1000.0|284.3|    7|593.4|last_visited_1_reg[1]/Q|last_visited_2_reg[0]/D
2    |default|clk   |clk    |1000.0|263.3|    6|615.5|last_visited_1_reg[1]/Q|dispp_reg[2]/D         
3    |default|clk   |clk    |1000.0|251.6|    5|616.9|last_visited_1_reg[1]/Q|i_reg/D                
-----+-------+------+-------+------+-----+-----+-----+-----------------------+-----------------------
Report End Points: 
-----+-----+--------------+-------+------+-----+-----+-----+-----------+-----------------------
     |Group|Launch        |Capture|Shift |Delay|Depth|Slack|Begin Point|End Point              
-----+-----+--------------+-------+------+-----+-----+-----+-----------+-----------------------
1    |I2R  |rtDefaultClock|clk    |1000.0|252.0|    6| 16.3|inp[8]     |last_visited_2_reg[0]/D
2    |I2R  |rtDefaultClock|clk    |1000.0|231.0|    5| 38.4|inp[8]     |dispp_reg[2]/D         
3    |I2R  |rtDefaultClock|clk    |1000.0|219.3|    4| 39.8|inp[8]     |i_reg/D                
-----+-----+--------------+-------+------+-----+-----+-----+-----------+-----------------------
Report End Points: 
-----+-----+------+-------+-----+-----+-----+-----+-----------+---------
     |Group|Launch|Capture|Shift|Delay|Depth|Slack|Begin Point|End Point
-----+-----+------+-------+-----+-----+-----+-----+-----------+---------
1    |I2O  |      |       |     |     |     |     |           |         
-----+-----+------+-------+-----+-----+-----+-----+-----------+---------
Report End Points: 
-----+-----+------+-------+------+-----+-----+-----+--------------+---------
     |Group|Launch|Capture|Shift |Delay|Depth|Slack|Begin Point   |End Point
-----+-----+------+-------+------+-----+-----+-----+--------------+---------
1    |R2O  |clk   |clk    |1000.0|  0.4|    0|585.3|outpp_reg[3]/Q|outp[3]  
2    |R2O  |clk   |clk    |1000.0|  0.4|    0|585.3|outpp_reg[1]/Q|outp[1]  
3    |R2O  |clk   |clk    |1000.0|  0.4|    0|585.4|outpp_reg[5]/Q|outp[5]  
-----+-----+------+-------+------+-----+-----+-----+--------------+---------
