warning: No library characterized for (process = 1.00 voltage = 0.85 temperature = 25.00) can be found in the database for power domain '/PD_TOP'  [NL-174]
Report Power (instances with prefix '*' are included in total) : 
-----+----------------------+--------------------+---------------------+-------------------+-----------------
     | Instance             | Internal Power(uw) | Switching Power(uw) | Leakage Power(uw) | Total Power(uw) 
-----+----------------------+--------------------+---------------------+-------------------+-----------------
1    |*dispp_reg[2]         |            0.644961|             0.676065|           0.079112|         1.400139
2    |*dispp_reg[1]         |            2.861119|             2.997936|           0.079112|         5.938168
3    |*dispp_reg[0]         |            3.889457|             4.078257|           0.079112|         8.046825
4    |*outpp_reg[5]         |            3.062198|             3.217613|           0.079112|         6.358924
5    |*outpp_reg[4]         |            1.860221|             1.953875|           0.079112|         3.893208
6    |*outpp_reg[3]         |            0.578602|             0.608150|           0.079112|         1.265864
7    |*outpp_reg[2]         |            1.054124|             1.107195|           0.079112|         2.240431
8    |*outpp_reg[1]         |            0.074011|             0.077790|           0.079112|         0.230914
9    |*outpp_reg[0]         |            0.373714|             0.391500|           0.079112|         0.844326
10   |*last_visited_1_reg[0]|            3.782250|             2.532695|           0.079112|         6.394057
11   |*last_visited_1_reg[1]|            3.955647|             2.648806|           0.079112|         6.683566
12   |*last_visited_2_reg[0]|            3.050415|             2.002007|           0.079112|         5.131534
13   |*last_visited_2_reg[1]|            3.955047|             2.595724|           0.079112|         6.629883
14   |*i_reg                |            3.275370|             2.779124|           0.079112|         6.133606
15   |*i_reg_enable_mux_0   |            1.939277|             0.424889|           0.035928|         2.400094
16   |*i_0_0_0              |            0.641428|             1.848564|           0.021200|         2.511192
17   |*i_0_0_1              |            0.622478|             1.335967|           0.022695|         1.981140
18   |*i_0_0_2              |            1.013769|             2.171300|           0.022695|         3.207764
19   |*i_0_0_3              |            4.562274|             4.142014|           0.022619|         8.726907
20   |*i_0_0_4              |            0.372626|             1.501902|           0.017393|         1.891922
21   |*i_0_0_5              |            4.520051|            12.964192|           0.022619|        17.506863
22   |*i_0_0_6              |            0.669496|             2.740516|           0.017393|         3.427406
23   |*i_0_0_7              |            4.254513|             3.617434|           0.022619|         7.894567
24   |*i_0_0_8              |            4.401606|             5.634319|           0.022619|        10.058544
25   |*i_0_0_9              |            1.353324|             1.033052|           0.018127|         2.404503
26   |*i_0_0_10             |            2.529180|             1.604594|           0.017393|         4.151166
27   |*i_0_0_11             |            0.497769|             2.862564|           0.014353|         3.374686
28   |*i_0_0_12             |            2.103177|             4.439701|           0.017393|         6.560271
29   |*i_0_0_13             |            0.317048|             1.294660|           0.021200|         1.632908
30   |*i_0_0_14             |            4.148674|             7.518763|           0.025066|        11.692502
31   |*i_0_0_15             |            3.135884|             1.105427|           0.014353|         4.255663
32   |*i_0_0_16             |            0.500505|             0.302028|           0.026832|         0.829365
33   |*i_0_0_17             |            2.366647|             0.324981|           0.022695|         2.714323
34   |*i_0_0_18             |            1.654704|             0.763160|           0.018105|         2.435970
35   |*i_0_0_19             |            0.523321|             2.522155|           0.021200|         3.066675
36   |*i_0_0_20             |            0.643111|             1.097065|           0.021200|         1.761376
37   |*i_0_0_21             |            0.739095|             0.568977|           0.022695|         1.330767
38   |*i_0_0_22             |            0.552960|             0.588191|           0.018105|         1.159256
39   |*i_0_0_23             |            1.036302|             1.363718|           0.014353|         2.414373
40   |*i_0_0_24             |            0.710979|            10.523520|           0.017393|        11.251892
41   |*i_0_0_25             |            0.465826|             1.412187|           0.014353|         1.892366
42   |*i_0_0_26             |            0.064836|             0.046711|           0.021200|         0.132746
43   |*i_0_0_27             |            3.566179|             1.380772|           0.014353|         4.961304
44   |*i_0_0_28             |            0.875362|             0.468704|           0.026832|         1.370897
45   |*i_0_0_29             |            2.472522|             1.646346|           0.021200|         4.140067
46   |*i_0_0_30             |            2.686391|             0.382666|           0.026481|         3.095538
47   |*i_0_0_31             |            4.077529|             6.339443|           0.024415|        10.441387
48   |*i_0_0_32             |            0.323419|             0.953882|           0.014353|         1.291654
49   |*i_0_0_33             |            0.665690|             0.856250|           0.022039|         1.543978
50   |*i_0_0_34             |            0.832967|             0.515856|           0.022619|         1.371442
51   |*i_0_0_35             |            0.596116|             1.232781|           0.017393|         1.846291
52   |*i_0_0_36             |            0.580281|             0.373463|           0.027858|         0.981603
53   |*i_0_0_37             |            0.077752|             0.023925|           0.026832|         0.128508
54   |*i_0_0_38             |            0.714782|             0.081128|           0.022695|         0.818605
55   |*i_0_1_0              |            2.308085|             0.466980|           0.035928|         2.810993
56   |*i_0_1_1              |            2.484963|             0.503837|           0.035928|         3.024729
57   |*i_0_1_2              |            1.724440|             0.324646|           0.035928|         2.085014
58   |*i_0_1_3              |            2.650426|             0.507039|           0.035928|         3.193393
59   |                      |                    |                     |                   |                 
60   |*TOTAL                |          105.394875|           119.476997|           2.092153|       226.964035
-----+----------------------+--------------------+---------------------+-------------------+-----------------
