Report for group default
------------------------------------------------------------------------------------------------------------------------------------------------------------
Startpoint: last_visited_1_reg[1]/Q
    (Clocked by clk R)
Endpoint: last_visited_2_reg[0]/D
    (Clocked by clk R)
Path Group: default
Data required time: 968.3
    (Clock shift: 1000.0, minus Uncertainty: 0.0, plus Latency 0.0, minus Setup time: 31.7)
Data arrival time: 374.9
Slack: 593.4
Logic depth: 7
------------------------------------------------------------------------------------------------------------------------------------------------------------
                                                     Arrival               Arc      Net               Net    Total   fan-                                   
Path                     Module/Cell           Edge     Time    Delay    Delay    Delay     Slew     Load     Load    out     Location Power Domain      (V)
                                                        (ps)     (ps)     (ps)     (ps)     (ps)     (ff)     (ff)    (#)      (um,um)                      
------------------------------------------------------------------------------------------------------------------------------------------------------------
clk                      {create_clock}           r      0.0      0.0      0.0                        0.0      0.0     14     0,   37                       
last_visited_1_reg[1]/CK->Q
                         DFF_X1                  rf     90.6     90.6     90.6      0.0      0.0      2.0      9.4      3    36,   36  /PD_TOP        (1.10)
i_0_0_1/A2->ZN           OR2_X4                  ff    140.9     50.3     50.3      0.0     13.6      1.4      9.4      2    36,   36  /PD_TOP        (1.10)
i_0_0_5/B1->ZN           OAI21_X4*               fr    206.1     65.2     65.2      0.0      9.7      3.5     42.9      5    36,   36  /PD_TOP        (1.10)
i_0_0_14/A1->ZN          AND2_X4                 rr    253.9     47.8     47.7      0.1     15.3      1.3     30.7      2    36,   36  /PD_TOP        (1.10)
i_0_0_15/A->ZN           INV_X8                  rf    261.0      7.1      7.1      0.0     21.9      0.6      4.5      1    36,   36  /PD_TOP        (1.10)
i_0_0_16/A3->ZN          NOR3_X4                 fr    316.7     55.7     55.7      0.0      3.5      2.0      7.6      3    36,   36  /PD_TOP        (1.10)
i_0_0_17/A2->ZN          OR2_X4                  rr    344.6     27.9     27.9      0.0     33.5      0.7      2.0      1    36,   36  /PD_TOP        (1.10)
i_0_1_2/B->Z             MUX2_X2                 rr    374.9     30.3     30.3      0.0      5.6      0.7      1.9      1    36,   36  /PD_TOP        (1.10)
last_visited_2_reg[0]/D  DFF_X1                   r    374.9      0.0               0.0      9.4                             36,   36  /PD_TOP        (1.10)
------------------------------------------------------------------------------------------------------------------------------------------------------------
Report for group I2R
------------------------------------------------------------------------------------------------------------------------------------------------------------
Startpoint: inp[8]
    (Clocked by rtDefaultClock R)
Endpoint: last_visited_2_reg[0]/D
    (Clocked by clk R)
Path Group: I2R
Data required time: 968.3
    (Clock shift: 1000.0, minus Uncertainty: 0.0, plus Latency 0.0, minus Setup time: 31.7)
Data arrival time: 952.0
Slack: 16.3
Logic depth: 6
------------------------------------------------------------------------------------------------------------------------------------------------------------
                                                     Arrival               Arc      Net               Net    Total   fan-                                   
Path                     Module/Cell           Edge     Time    Delay    Delay    Delay     Slew     Load     Load    out     Location Power Domain      (V)
                                                        (ps)     (ps)     (ps)     (ps)     (ps)     (ff)     (ff)    (#)      (um,um)                      
------------------------------------------------------------------------------------------------------------------------------------------------------------
inp[8]                   {set_input_delay}        f    700.0    700.0    700.0                        4.8      8.7      1    36,    0                       
i_0_0_5/A->ZN            OAI21_X4*               fr    783.2     83.2     82.8      0.4    100.0      3.5     42.9      5    36,   36  /PD_TOP        (1.10)
i_0_0_14/A1->ZN          AND2_X4                 rr    831.0     47.8     47.7      0.1     15.3      1.3     30.7      2    36,   36  /PD_TOP        (1.10)
i_0_0_15/A->ZN           INV_X8                  rf    838.1      7.1      7.1      0.0     21.9      0.6      4.5      1    36,   36  /PD_TOP        (1.10)
i_0_0_16/A3->ZN          NOR3_X4                 fr    893.8     55.7     55.7      0.0      3.5      2.0      7.6      3    36,   36  /PD_TOP        (1.10)
i_0_0_17/A2->ZN          OR2_X4                  rr    921.7     27.9     27.9      0.0     33.5      0.7      2.0      1    36,   36  /PD_TOP        (1.10)
i_0_1_2/B->Z             MUX2_X2                 rr    952.0     30.3     30.3      0.0      5.6      0.7      1.9      1    36,   36  /PD_TOP        (1.10)
last_visited_2_reg[0]/D  DFF_X1                   r    952.0      0.0               0.0      9.4                             36,   36  /PD_TOP        (1.10)
------------------------------------------------------------------------------------------------------------------------------------------------------------
Report for group I2O
Report for group R2O
------------------------------------------------------------------------------------------------------------------------------------------------------------
Startpoint: outpp_reg[3]/Q
    (Clocked by clk R)
Endpoint: outp[3]
    (Clocked by clk R)
Path Group: R2O
Data required time: 700.0
    (Clock shift: 1000.0, minus Uncertainty: 0.0, plus Latency 0.0, minus Out delay: 300.0)
Data arrival time: 114.7
Slack: 585.3
Logic depth: 0
------------------------------------------------------------------------------------------------------------------------------------------------------------
                                                     Arrival               Arc      Net               Net    Total   fan-                                   
Path                     Module/Cell           Edge     Time    Delay    Delay    Delay     Slew     Load     Load    out     Location Power Domain      (V)
                                                        (ps)     (ps)     (ps)     (ps)     (ps)     (ff)     (ff)    (#)      (um,um)                      
------------------------------------------------------------------------------------------------------------------------------------------------------------
clk                      {create_clock}           r      0.0      0.0      0.0                        0.0      0.0     14     0,   37                       
outpp_reg[3]/CK->Q       DFF_X1                  rr    114.3    114.3    114.3      0.0      0.0      4.8     14.8      1    36,   36  /PD_TOP        (1.10)
outp[3]                                           r    114.7      0.4               0.4     36.6                             35,    0                       
------------------------------------------------------------------------------------------------------------------------------------------------------------
